[master (root-commit) c4292e6] 10 of 100
 Committer: CS251 Account <cs251@data.cs.purdue.edu>
Your name and email address were configured automatically based
on your username and hostname. Please check that they are accurate.
You can suppress this message by setting them explicitly:

    git config --global user.name "Your Name"
    git config --global user.email you@example.com

After doing this, you may fix the identity used for this commit with:

    git commit --amend --reset-author

 25 files changed, 2712 insertions(+)
 create mode 100644 .local.git.out
 create mode 100644 HashTableTemplate.h
 create mode 100644 HashTableTemplateTest.cc
 create mode 100644 HashTableVoid.cc
 create mode 100644 HashTableVoid.h
 create mode 100644 HashTableVoidTest.cc
 create mode 100644 ListTemplate.h
 create mode 100644 ListTemplateTest.cc
 create mode 100644 Makefile
 create mode 100644 MyString.cc
 create mode 100644 MyString.h
 create mode 100644 TestMyString.cc
 create mode 100644 TestMyString.s
 create mode 100644 greetings.txt
 create mode 100644 mygrep.cc
 create mode 100644 out1
 create mode 100644 out2
 create mode 100644 results.txt
 create mode 100755 testWcTemplate
 create mode 100755 testWcVoid
 create mode 100755 testall
 create mode 100644 total.out
 create mode 100644 wcTemplate.cc
 create mode 100644 wcVoid.cc
 create mode 100755 wcVoidExample
[master 19f4497] 13 of 100
 Committer: CS251 Account <cs251@data.cs.purdue.edu>
Your name and email address were configured automatically based
on your username and hostname. Please check that they are accurate.
You can suppress this message by setting them explicitly:

    git config --global user.name "Your Name"
    git config --global user.email you@example.com

After doing this, you may fix the identity used for this commit with:

    git commit --amend --reset-author

 8 files changed, 42 insertions(+), 3 deletions(-)
 create mode 100755 HashTableTemplateTest
 create mode 100755 HashTableVoidTest
 create mode 100755 TestMyString
 create mode 100755 wcTemplate
 create mode 100755 wcVoid
[master aeffe87] 3 of 100
 Committer: CS251 Account <cs251@data.cs.purdue.edu>
Your name and email address were configured automatically based
on your username and hostname. Please check that they are accurate.
You can suppress this message by setting them explicitly:

    git config --global user.name "Your Name"
    git config --global user.email you@example.com

After doing this, you may fix the identity used for this commit with:

    git commit --amend --reset-author

 8 files changed, 655 insertions(+), 6 deletions(-)
 create mode 100755 wcTemplateExample
 rewrite wcVoidExample (98%)
[master 03bcaaf] 3 of 100
 Committer: CS251 Account <cs251@data.cs.purdue.edu>
Your name and email address were configured automatically based
on your username and hostname. Please check that they are accurate.
You can suppress this message by setting them explicitly:

    git config --global user.name "Your Name"
    git config --global user.email you@example.com

After doing this, you may fix the identity used for this commit with:

    git commit --amend --reset-author

 2 files changed, 17 insertions(+), 1 deletion(-)
[master 8206636] 10 of 100
 Committer: CS251 Account <cs251@lore.cs.purdue.edu>
Your name and email address were configured automatically based
on your username and hostname. Please check that they are accurate.
You can suppress this message by setting them explicitly. Run the
following command and follow the instructions in your editor to edit
your configuration file:

    git config --global --edit

After doing this, you may fix the identity used for this commit with:

    git commit --amend --reset-author

 10 files changed, 22 insertions(+), 638 deletions(-)
 delete mode 100755 HashTableTemplateTest
 delete mode 100755 HashTableVoidTest
 delete mode 100755 TestMyString
 rewrite out2 (100%)
 delete mode 100755 wcTemplate
 delete mode 100755 wcVoid
[master d98f50a] 10 of 100
 Committer: CS251 Account <cs251@lore.cs.purdue.edu>
Your name and email address were configured automatically based
on your username and hostname. Please check that they are accurate.
You can suppress this message by setting them explicitly. Run the
following command and follow the instructions in your editor to edit
your configuration file:

    git config --global --edit

After doing this, you may fix the identity used for this commit with:

    git commit --amend --reset-author

 2 files changed, 22 insertions(+), 1 deletion(-)
[master 730999f] 0 of 100
 Committer: CS251 Account <cs251@data.cs.purdue.edu>
Your name and email address were configured automatically based
on your username and hostname. Please check that they are accurate.
You can suppress this message by setting them explicitly:

    git config --global user.name "Your Name"
    git config --global user.email you@example.com

After doing this, you may fix the identity used for this commit with:

    git commit --amend --reset-author

 4 files changed, 649 insertions(+), 4 deletions(-)
[master 037ec68] 3 of 100
 Committer: CS251 Account <cs251@data.cs.purdue.edu>
Your name and email address were configured automatically based
on your username and hostname. Please check that they are accurate.
You can suppress this message by setting them explicitly. Run the
following command and follow the instructions in your editor to edit
your configuration file:

    git config --global --edit

After doing this, you may fix the identity used for this commit with:

    git commit --amend --reset-author

 4 files changed, 18 insertions(+), 4 deletions(-)
[master 91720bc] 30 of 100
 4 files changed, 103 insertions(+), 20 deletions(-)
[master 0e1d8b7] 30 of 100
 3 files changed, 4 insertions(+), 2 deletions(-)
[master b5e258d] 33 of 100
 4 files changed, 9 insertions(+), 7 deletions(-)
[master 8da4f3e] 33 of 100
 3 files changed, 26 insertions(+), 3 deletions(-)
[master 3003b6e] 33 of 100
 3 files changed, 21 insertions(+), 11 deletions(-)
[master 6cb70e4] 33 of 100
 5 files changed, 21 insertions(+), 10 deletions(-)
[master 19440ad] 38 of 100
 5 files changed, 55 insertions(+), 15 deletions(-)
[master 7d65969] 38 of 100
 2 files changed, 3 insertions(+), 1 deletion(-)
[master 7466e20] 41 of 100
 3 files changed, 5 insertions(+), 3 deletions(-)
[master eb98f3e] 38 of 100
 3 files changed, 5 insertions(+), 3 deletions(-)
[master 086c915] 41 of 100
 4 files changed, 10 insertions(+), 8 deletions(-)
[master 74a40bb] 41 of 100
 2 files changed, 3 insertions(+), 1 deletion(-)
[master 409bbf9] 41 of 100
 2 files changed, 3 insertions(+), 1 deletion(-)
[master a54f1f1] 41 of 100
 2 files changed, 3 insertions(+), 1 deletion(-)
[master 35f6ab5] 50 of 100
 4 files changed, 12 insertions(+), 4 deletions(-)
[master 3dc4e07] 50 of 100
 3 files changed, 6 insertions(+), 1 deletion(-)
[master 5185663] 50 of 100
 2 files changed, 3 insertions(+), 1 deletion(-)
[master 99379e5] 60 of 100
 4 files changed, 19 insertions(+), 12 deletions(-)
[master 6d23392] 60 of 100
 2 files changed, 3 insertions(+), 1 deletion(-)
[master 087f208] 55 of 100
 4 files changed, 12 insertions(+), 6 deletions(-)
[master eab062d] 55 of 100
 2 files changed, 3 insertions(+), 1 deletion(-)
[master e890e54] 55 of 100
 2 files changed, 3 insertions(+), 1 deletion(-)
[master 1aa7992] 55 of 100
 3 files changed, 4 insertions(+), 2 deletions(-)
[master b200499] 55 of 100
 3 files changed, 8 insertions(+), 5 deletions(-)
[master cd4d94a] 60 of 100
 3 files changed, 5 insertions(+), 3 deletions(-)
[master e2c54a1] 60 of 100
 2 files changed, 3 insertions(+), 1 deletion(-)
[master f114684] 60 of 100
 3 files changed, 5 insertions(+), 8 deletions(-)
[master 5ea2be9] 70 of 100
 4 files changed, 11 insertions(+), 9 deletions(-)
[master f3a9f78] 75 of 100
 4 files changed, 21 insertions(+), 6 deletions(-)
[master 492c2e3] 75 of 100
 3 files changed, 6 insertions(+), 2 deletions(-)
[master becf589] 85 of 100
 4 files changed, 17 insertions(+), 4 deletions(-)
[master df5d45d] 85 of 100
 2 files changed, 3 insertions(+), 1 deletion(-)
[master a627018] 85 of 115
 6 files changed, 182 insertions(+), 54 deletions(-)
 create mode 100644 TestMyStringMemory.cc
 rewrite results.txt (100%)
[master bcdf9ea] 87 of 115
 3 files changed, 8 insertions(+), 4 deletions(-)
[master db2e90a] 87 of 115
 3 files changed, 5 insertions(+), 3 deletions(-)
[master 872072a] 87 of 115
 2 files changed, 3 insertions(+), 1 deletion(-)
[master fc06de1] 92 of 115
 4 files changed, 29 insertions(+), 7 deletions(-)
[master 372eb8f] 98 of 115
 5 files changed, 29 insertions(+), 9 deletions(-)
[master 8b5086c] 98 of 115
 3 files changed, 4 insertions(+), 2 deletions(-)
[master 6297070] 95 of 115
 4 files changed, 12 insertions(+), 9 deletions(-)
[master baf7d3a] 95 of 115
 2 files changed, 3 insertions(+), 1 deletion(-)
[master 8adb586] 98 of 115
 4 files changed, 20 insertions(+), 11 deletions(-)
[master 3e59c76] 98 of 115
 2 files changed, 3 insertions(+), 1 deletion(-)
[master bb96ae2] 98 of 115
 2 files changed, 3 insertions(+), 1 deletion(-)
[master dc2d76c] 96 of 115
 4 files changed, 7 insertions(+), 5 deletions(-)
[master 0a2dac8] 96 of 115
 3 files changed, 4 insertions(+), 2 deletions(-)
[master f37ca7e] 98 of 115
 3 files changed, 6 insertions(+), 4 deletions(-)
[master c42f206] 65 of 115
 4 files changed, 20 insertions(+), 15 deletions(-)
[master 75929b8] 98 of 115
 4 files changed, 20 insertions(+), 16 deletions(-)
[master 279f232] 103 of 115
 4 files changed, 19 insertions(+), 8 deletions(-)
[master 79a1e92] 103 of 115
 3 files changed, 11 insertions(+), 1 deletion(-)
